f:\数学\opengl\work\cpp\openglexercise02\openglexercise01\debug\vc141.pdb
f:\数学\opengl\work\cpp\openglexercise02\openglexercise01\debug\vc141.idb
f:\数学\opengl\work\cpp\openglexercise02\openglexercise01\debug\main.obj
f:\数学\opengl\work\cpp\openglexercise02\openglexercise01\debug\stb_image.obj
f:\数学\opengl\work\cpp\openglexercise02\openglexercise01\debug\shader.obj
f:\数学\opengl\work\cpp\openglexercise02\debug\opengl.pdb
f:\数学\opengl\work\cpp\openglexercise02\openglexercise01\debug\opengl.tlog\cl.command.1.tlog
f:\数学\opengl\work\cpp\openglexercise02\openglexercise01\debug\opengl.tlog\cl.read.1.tlog
f:\数学\opengl\work\cpp\openglexercise02\openglexercise01\debug\opengl.tlog\cl.write.1.tlog
f:\数学\opengl\work\cpp\openglexercise02\openglexercise01\debug\opengl.tlog\link-cvtres.read.1.tlog
f:\数学\opengl\work\cpp\openglexercise02\openglexercise01\debug\opengl.tlog\link-cvtres.write.1.tlog
f:\数学\opengl\work\cpp\openglexercise02\openglexercise01\debug\opengl.tlog\link-rc.read.1.tlog
f:\数学\opengl\work\cpp\openglexercise02\openglexercise01\debug\opengl.tlog\link-rc.write.1.tlog
f:\数学\opengl\work\cpp\openglexercise02\openglexercise01\debug\opengl.tlog\link.2856-cvtres.read.1.tlog
f:\数学\opengl\work\cpp\openglexercise02\openglexercise01\debug\opengl.tlog\link.2856-cvtres.write.1.tlog
f:\数学\opengl\work\cpp\openglexercise02\openglexercise01\debug\opengl.tlog\link.2856-rc.read.1.tlog
f:\数学\opengl\work\cpp\openglexercise02\openglexercise01\debug\opengl.tlog\link.2856-rc.write.1.tlog
f:\数学\opengl\work\cpp\openglexercise02\openglexercise01\debug\opengl.tlog\link.2856.read.1.tlog
f:\数学\opengl\work\cpp\openglexercise02\openglexercise01\debug\opengl.tlog\link.2856.write.1.tlog
f:\数学\opengl\work\cpp\openglexercise02\openglexercise01\debug\opengl.tlog\link.command.1.tlog
f:\数学\opengl\work\cpp\openglexercise02\openglexercise01\debug\opengl.tlog\link.read.1.tlog
f:\数学\opengl\work\cpp\openglexercise02\openglexercise01\debug\opengl.tlog\link.write.1.tlog
